#
# A fatal error has been detected by the Java Runtime Environment:
#
#  SIGSEGV (0xb) at pc=0x00007fff8d4ccab0, pid=24166, tid=27907
#
# JRE version: Java(TM) SE Runtime Environment (7.0_60-b19) (build 1.7.0_60-b19)
# Java VM: Java HotSpot(TM) 64-Bit Server VM (24.60-b09 mixed mode bsd-amd64 compressed oops)
# Problematic frame:
# C  [libsystem_c.dylib+0x1ab0]  memmove$VARIANT$sse42+0xc8
#
# Failed to write core dump. Core dumps have been disabled. To enable core dumping, try "ulimit -c unlimited" before starting Java again
#
# If you would like to submit a bug report, please visit:
#   http://bugreport.sun.com/bugreport/crash.jsp
# The crash happened outside the Java Virtual Machine in native code.
# See problematic frame for where to report the bug.
#

---------------  T H R E A D  ---------------

Current thread (0x00007fb0a30e8800):  JavaThread "nioEventLoopGroup-4-1" [_thread_in_native, id=27907, stack(0x000000019c765000,0x000000019c865000)]

siginfo:si_signo=SIGSEGV: si_errno=0, si_code=1 (SEGV_MAPERR), si_addr=0x000000019c251000

Registers:
RAX=0x00007faf0775f983, RBX=0x000000019c24aa4f, RCX=0xffffffffffffe580, RDX=0x0000000000000028
RSP=0x000000019c85fc40, RBP=0x000000019c85fc40, RSI=0x000000019c252a7d, RDI=0x00007fb0a39b2400
R8 =0x000000000000003f, R9 =0x0000000000000000, R10=0x0000000000007e00, R11=0x00007fb0a39aa400
R12=0x0000000000000000, R13=0x000000002f73736f, R14=0x00007fb0a39aa400, R15=0x0000000000008028
RIP=0x00007fff8d4ccab0, EFLAGS=0x0000000000010282, ERR=0x0000000000000004
  TRAPNO=0x000000000000000e

Top of Stack: (sp=0x000000019c85fc40)
0x000000019c85fc40:   000000019c85fcb0 000000010cf425c3
0x000000019c85fc50:   000000009c8600a0 0000000000000000
0x000000019c85fc60:   0000000000008028 00007fb0a2146420
0x000000019c85fc70:   0000000000000000 00007fb0a141beb0
0x000000019c85fc80:   00007fb0a2149940 000000006a4465d0
0x000000019c85fc90:   0000000000024310 000000019c14c000
0x000000019c85fca0:   00007fb0a141beb0 00007fb0a2350690
0x000000019c85fcb0:   000000019c85fd00 000000010cf42725
0x000000019c85fcc0:   0000000000000031 00000031a30e8800
0x000000019c85fcd0:   000000019c85fd1e 000000019c8601e8
0x000000019c85fce0:   0000000000000031 000000019c85fd1e
0x000000019c85fcf0:   00007fb0a141beb0 00007fb0a30e89e8
0x000000019c85fd00:   000000019c860150 000000010cf41570
0x000000019c85fd10:   00007fff10b310e8 726f7fff00000001
0x000000019c85fd20:   2f73736f626a2f67 6c6c61687372616d
0x000000019c85fd30:   657669722f676e69 447373616c432f72
0x000000019c85fd40:   6f74706972637365 007373616c632e72
0x000000019c85fd50:   00000000523257e0 00007fff10b30ab8
0x000000019c85fd60:   00007fff10b2a8e8 0000000010b39c50
0x000000019c85fd70:   00007fff8b31d000 00007fff10b2b850
0x000000019c85fd80:   0000000050a6688f 00007fff10b30ab8
0x000000019c85fd90:   00007fff00000000 0000000000000000
0x000000019c85fda0:   00007fff8ea0c000 00007fff00000000
0x000000019c85fdb0:   0000000010b29698 00007fff00000000
0x000000019c85fdc0:   00007fff8674a570 0000000000000000
0x000000019c85fdd0:   00007fff87b00000 00007fff10b1a498
0x000000019c85fde0:   0000000010b36cc8 00007fff10b2b9d0
0x000000019c85fdf0:   00007fff10ae0c70 0000000000000000
0x000000019c85fe00:   00007fff00000000 00007fff10b37ab8
0x000000019c85fe10:   0000000010b3a910 00007fff00000000
0x000000019c85fe20:   00007fff10b399c8 0000000010b32f50
0x000000019c85fe30:   00007fff90ee5000 00007fff90ee5570 

Instructions: (pc=0x00007fff8d4ccab0)
0x00007fff8d4cca90:   0f 10 66 0f 7f 54 0f 20 66 0f 7f 5c 0f 30 48 83
0x00007fff8d4ccaa0:   c1 40 75 cc e9 57 ff ff ff 0f 1f 80 00 00 00 00
0x00007fff8d4ccab0:   f3 0f 6f 04 0e f3 0f 6f 4c 0e 10 f3 0f 6f 54 0e
0x00007fff8d4ccac0:   20 f3 0f 6f 5c 0e 30 66 0f 7f 04 0f 66 0f 7f 4c 

Register to memory mapping:

RAX=0x00007faf0775f983 is an unknown value
RBX=0x000000019c24aa4f is an unknown value
RCX=0xffffffffffffe580 is an unknown value
RDX=0x0000000000000028 is an unknown value
RSP=0x000000019c85fc40 is pointing into the stack for thread: 0x00007fb0a30e8800
RBP=0x000000019c85fc40 is pointing into the stack for thread: 0x00007fb0a30e8800
RSI=0x000000019c252a7d is an unknown value
RDI=0x00007fb0a39b2400 is an unknown value
R8 =0x000000000000003f is an unknown value
R9 =0x0000000000000000 is an unknown value
R10=0x0000000000007e00 is an unknown value
R11=0x00007fb0a39aa400 is an unknown value
R12=0x0000000000000000 is an unknown value
R13=0x000000002f73736f is an unknown value
R14=0x00007fb0a39aa400 is an unknown value
R15=0x0000000000008028 is an unknown value


Stack: [0x000000019c765000,0x000000019c865000],  sp=0x000000019c85fc40,  free space=1003k
Native frames: (J=compiled Java code, j=interpreted, Vv=VM code, C=native code)
C  [libsystem_c.dylib+0x1ab0]  memmove$VARIANT$sse42+0xc8
C  [libzip.dylib+0x35c3]  newEntry+0x660
C  [libzip.dylib+0x3725]  ZIP_GetEntry+0xa2
C  [libzip.dylib+0x2570]  Java_java_util_zip_ZipFile_getEntry+0xdd
j  java.util.zip.ZipFile.getEntry(J[BZ)J+0
j  java.util.zip.ZipFile.getEntry(Ljava/lang/String;)Ljava/util/zip/ZipEntry;+38
j  java.util.jar.JarFile.getEntry(Ljava/lang/String;)Ljava/util/zip/ZipEntry;+2
j  java.util.jar.JarFile.getJarEntry(Ljava/lang/String;)Ljava/util/jar/JarEntry;+2
j  sun.misc.URLClassPath$JarLoader.getResource(Ljava/lang/String;Z)Lsun/misc/Resource;+48
j  sun.misc.URLClassPath.getResource(Ljava/lang/String;Z)Lsun/misc/Resource;+53
j  java.net.URLClassLoader$1.run()Ljava/lang/Class;+26
j  java.net.URLClassLoader$1.run()Ljava/lang/Object;+1
v  ~StubRoutines::call_stub
V  [libjvm.dylib+0x2db350]
V  [libjvm.dylib+0x2db120]
V  [libjvm.dylib+0x32e8f0]
j  java.security.AccessController.doPrivileged(Ljava/security/PrivilegedExceptionAction;Ljava/security/AccessControlContext;)Ljava/lang/Object;+0
j  java.net.URLClassLoader.findClass(Ljava/lang/String;)Ljava/lang/Class;+13
j  java.lang.ClassLoader.loadClass(Ljava/lang/String;Z)Ljava/lang/Class;+70
j  sun.misc.Launcher$AppClassLoader.loadClass(Ljava/lang/String;Z)Ljava/lang/Class;+36
j  java.lang.ClassLoader.loadClass(Ljava/lang/String;)Ljava/lang/Class;+3
v  ~StubRoutines::call_stub
V  [libjvm.dylib+0x2db350]
V  [libjvm.dylib+0x2db867]
V  [libjvm.dylib+0x2db950]
V  [libjvm.dylib+0x4c98a2]
V  [libjvm.dylib+0x4c920e]
V  [libjvm.dylib+0x4c9ae6]
V  [libjvm.dylib+0x4c9f17]
V  [libjvm.dylib+0x510638]
V  [libjvm.dylib+0x4979c6]
V  [libjvm.dylib+0x511297]
V  [libjvm.dylib+0x51cacd]
V  [libjvm.dylib+0x5226b3]
V  [libjvm.dylib+0x52334b]
V  [libjvm.dylib+0x2b0f74]
V  [libjvm.dylib+0x2b1485]
V  [libjvm.dylib+0x2b11ef]
V  [libjvm.dylib+0x2b17b0]
V  [libjvm.dylib+0x2a40a1]
V  [libjvm.dylib+0x2d7525]
j  org.infinispan.commons.marshall.jboss.JBossMarshallerFactory.createUnmarshaller(Lorg/jboss/marshalling/MarshallingConfiguration;)Lorg/infinispan/commons/marshall/jboss/ExtendedRiverUnmarshaller;+0
j  org.infinispan.commons.marshall.jboss.AbstractJBossMarshaller$PerThreadInstanceHolder.getUnmarshaller()Lorg/jboss/marshalling/Unmarshaller;+73
j  org.infinispan.commons.marshall.jboss.AbstractJBossMarshaller.startObjectInput(Ljava/io/InputStream;Z)Ljava/io/ObjectInput;+6
j  org.infinispan.commons.marshall.jboss.AbstractJBossMarshaller.objectFromByteBuffer([BII)Ljava/lang/Object;+16
j  org.infinispan.commons.marshall.AbstractMarshaller.objectFromByteBuffer([B)Ljava/lang/Object;+5
j  org.infinispan.client.hotrod.impl.RemoteCacheImpl.bytes2obj([B)Ljava/lang/Object;+11
j  org.infinispan.client.hotrod.impl.RemoteCacheImpl.get(Ljava/lang/Object;)Ljava/lang/Object;+32
j  jp.ac.keio.sfc.ht.memsys.ghost.client.ObjectEchoClientHandler.channelRead(Lio/netty/channel/ChannelHandlerContext;Ljava/lang/Object;)V+428
j  io.netty.channel.DefaultChannelHandlerContext.invokeChannelRead(Ljava/lang/Object;)V+11
j  io.netty.channel.DefaultChannelHandlerContext.fireChannelRead(Ljava/lang/Object;)Lio/netty/channel/ChannelHandlerContext;+35
j  io.netty.handler.codec.ByteToMessageDecoder.channelRead(Lio/netty/channel/ChannelHandlerContext;Ljava/lang/Object;)V+344
j  io.netty.channel.DefaultChannelHandlerContext.invokeChannelRead(Ljava/lang/Object;)V+11
j  io.netty.channel.DefaultChannelHandlerContext.fireChannelRead(Ljava/lang/Object;)Lio/netty/channel/ChannelHandlerContext;+35
j  io.netty.channel.DefaultChannelPipeline.fireChannelRead(Ljava/lang/Object;)Lio/netty/channel/ChannelPipeline;+5
j  io.netty.channel.nio.AbstractNioByteChannel$NioByteUnsafe.read()V+212
j  io.netty.channel.nio.NioEventLoop.processSelectedKey(Ljava/nio/channels/SelectionKey;Lio/netty/channel/nio/AbstractNioChannel;)V+44
j  io.netty.channel.nio.NioEventLoop.processSelectedKeysOptimized([Ljava/nio/channels/SelectionKey;)V+33
j  io.netty.channel.nio.NioEventLoop.run()V+77
j  io.netty.util.concurrent.SingleThreadEventExecutor$2.run()V+13
j  java.lang.Thread.run()V+11
v  ~StubRoutines::call_stub
V  [libjvm.dylib+0x2db350]
V  [libjvm.dylib+0x2db867]
V  [libjvm.dylib+0x2db9a4]
V  [libjvm.dylib+0x32a876]
V  [libjvm.dylib+0x4f5c11]
V  [libjvm.dylib+0x4f7319]
V  [libjvm.dylib+0x420b4e]
C  [libsystem_c.dylib+0x14772]  _pthread_start+0x147
C  [libsystem_c.dylib+0x11a1]  thread_start+0xd

Java frames: (J=compiled Java code, j=interpreted, Vv=VM code)
j  java.util.zip.ZipFile.getEntry(J[BZ)J+0
j  java.util.zip.ZipFile.getEntry(Ljava/lang/String;)Ljava/util/zip/ZipEntry;+38
j  java.util.jar.JarFile.getEntry(Ljava/lang/String;)Ljava/util/zip/ZipEntry;+2
j  java.util.jar.JarFile.getJarEntry(Ljava/lang/String;)Ljava/util/jar/JarEntry;+2
j  sun.misc.URLClassPath$JarLoader.getResource(Ljava/lang/String;Z)Lsun/misc/Resource;+48
j  sun.misc.URLClassPath.getResource(Ljava/lang/String;Z)Lsun/misc/Resource;+53
j  java.net.URLClassLoader$1.run()Ljava/lang/Class;+26
j  java.net.URLClassLoader$1.run()Ljava/lang/Object;+1
v  ~StubRoutines::call_stub
j  java.security.AccessController.doPrivileged(Ljava/security/PrivilegedExceptionAction;Ljava/security/AccessControlContext;)Ljava/lang/Object;+0
j  java.net.URLClassLoader.findClass(Ljava/lang/String;)Ljava/lang/Class;+13
j  java.lang.ClassLoader.loadClass(Ljava/lang/String;Z)Ljava/lang/Class;+70
j  sun.misc.Launcher$AppClassLoader.loadClass(Ljava/lang/String;Z)Ljava/lang/Class;+36
j  java.lang.ClassLoader.loadClass(Ljava/lang/String;)Ljava/lang/Class;+3
v  ~StubRoutines::call_stub
j  org.infinispan.commons.marshall.jboss.JBossMarshallerFactory.createUnmarshaller(Lorg/jboss/marshalling/MarshallingConfiguration;)Lorg/infinispan/commons/marshall/jboss/ExtendedRiverUnmarshaller;+0
j  org.infinispan.commons.marshall.jboss.AbstractJBossMarshaller$PerThreadInstanceHolder.getUnmarshaller()Lorg/jboss/marshalling/Unmarshaller;+73
j  org.infinispan.commons.marshall.jboss.AbstractJBossMarshaller.startObjectInput(Ljava/io/InputStream;Z)Ljava/io/ObjectInput;+6
j  org.infinispan.commons.marshall.jboss.AbstractJBossMarshaller.objectFromByteBuffer([BII)Ljava/lang/Object;+16
j  org.infinispan.commons.marshall.AbstractMarshaller.objectFromByteBuffer([B)Ljava/lang/Object;+5
j  org.infinispan.client.hotrod.impl.RemoteCacheImpl.bytes2obj([B)Ljava/lang/Object;+11
j  org.infinispan.client.hotrod.impl.RemoteCacheImpl.get(Ljava/lang/Object;)Ljava/lang/Object;+32
j  jp.ac.keio.sfc.ht.memsys.ghost.client.ObjectEchoClientHandler.channelRead(Lio/netty/channel/ChannelHandlerContext;Ljava/lang/Object;)V+428
j  io.netty.channel.DefaultChannelHandlerContext.invokeChannelRead(Ljava/lang/Object;)V+11
j  io.netty.channel.DefaultChannelHandlerContext.fireChannelRead(Ljava/lang/Object;)Lio/netty/channel/ChannelHandlerContext;+35
j  io.netty.handler.codec.ByteToMessageDecoder.channelRead(Lio/netty/channel/ChannelHandlerContext;Ljava/lang/Object;)V+344
j  io.netty.channel.DefaultChannelHandlerContext.invokeChannelRead(Ljava/lang/Object;)V+11
j  io.netty.channel.DefaultChannelHandlerContext.fireChannelRead(Ljava/lang/Object;)Lio/netty/channel/ChannelHandlerContext;+35
j  io.netty.channel.DefaultChannelPipeline.fireChannelRead(Ljava/lang/Object;)Lio/netty/channel/ChannelPipeline;+5
j  io.netty.channel.nio.AbstractNioByteChannel$NioByteUnsafe.read()V+212
j  io.netty.channel.nio.NioEventLoop.processSelectedKey(Ljava/nio/channels/SelectionKey;Lio/netty/channel/nio/AbstractNioChannel;)V+44
j  io.netty.channel.nio.NioEventLoop.processSelectedKeysOptimized([Ljava/nio/channels/SelectionKey;)V+33
j  io.netty.channel.nio.NioEventLoop.run()V+77
j  io.netty.util.concurrent.SingleThreadEventExecutor$2.run()V+13
j  java.lang.Thread.run()V+11
v  ~StubRoutines::call_stub

---------------  P R O C E S S  ---------------

Java Threads: ( => current thread )
  0x00007fb0a2907800 JavaThread "HotRod-client-async-pool-11" daemon [_thread_blocked, id=36099, stack(0x000000019dcb6000,0x000000019ddb6000)]
  0x00007fb0a38b1800 JavaThread "HotRod-client-async-pool-10" daemon [_thread_blocked, id=35587, stack(0x000000019dbb3000,0x000000019dcb3000)]
  0x00007fb0a2850800 JavaThread "HotRod-client-async-pool-9" daemon [_thread_blocked, id=35075, stack(0x000000019dab0000,0x000000019dbb0000)]
  0x00007fb0a3169000 JavaThread "HotRod-client-async-pool-8" daemon [_thread_blocked, id=34563, stack(0x000000019d9ad000,0x000000019daad000)]
  0x00007fb0a19cf800 JavaThread "HotRod-client-async-pool-7" daemon [_thread_blocked, id=34051, stack(0x000000019d8aa000,0x000000019d9aa000)]
  0x00007fb0a38b1000 JavaThread "HotRod-client-async-pool-6" daemon [_thread_blocked, id=33539, stack(0x000000019d7a7000,0x000000019d8a7000)]
  0x00007fb0a38b0000 JavaThread "HotRod-client-async-pool-4" daemon [_thread_blocked, id=33027, stack(0x000000019d6a4000,0x000000019d7a4000)]
  0x00007fb0a18fd800 JavaThread "HotRod-client-async-pool-5" daemon [_thread_blocked, id=32515, stack(0x000000019d5a1000,0x000000019d6a1000)]
  0x00007fb0a18e0000 JavaThread "HotRod-client-async-pool-3" daemon [_thread_blocked, id=32003, stack(0x000000019d49e000,0x000000019d59e000)]
  0x00007fb0a3980000 JavaThread "HotRod-client-async-pool-2" daemon [_thread_blocked, id=31491, stack(0x000000019d39b000,0x000000019d49b000)]
  0x00007fb0a284f800 JavaThread "HotRod-client-async-pool-1" daemon [_thread_blocked, id=30979, stack(0x000000019d298000,0x000000019d398000)]
  0x00007fb0a198a000 JavaThread "HotRod-client-async-pool-0" daemon [_thread_blocked, id=30467, stack(0x000000019d195000,0x000000019d295000)]
  0x00007fb0a30e9800 JavaThread "Java2D Disposer" daemon [_thread_blocked, id=29703, stack(0x000000019cc75000,0x000000019cd75000)]
  0x00007fb0a287d000 JavaThread "AWT-AppKit" daemon [_thread_in_native, id=9735, stack(0x00007fff5326d000,0x00007fff53a6d000)]
  0x00007fb0a1876000 JavaThread "Timer-0" daemon [_thread_blocked, id=28419, stack(0x000000019c8b6000,0x000000019c9b6000)]
=>0x00007fb0a30e8800 JavaThread "nioEventLoopGroup-4-1" [_thread_in_native, id=27907, stack(0x000000019c765000,0x000000019c865000)]
  0x00007fb0a3000800 JavaThread "DestroyJavaVM" [_thread_blocked, id=3591, stack(0x000000010cd73000,0x000000010ce73000)]
  0x00007fb0a3806000 JavaThread "Service Thread" daemon [_thread_blocked, id=23043, stack(0x000000019be68000,0x000000019bf68000)]
  0x00007fb0a1821800 JavaThread "C2 CompilerThread1" daemon [_thread_blocked, id=22531, stack(0x000000019bd65000,0x000000019be65000)]
  0x00007fb0a1816800 JavaThread "C2 CompilerThread0" daemon [_thread_blocked, id=22019, stack(0x000000019bc62000,0x000000019bd62000)]
  0x00007fb0a1815800 JavaThread "Signal Dispatcher" daemon [_thread_blocked, id=21507, stack(0x000000019bb5f000,0x000000019bc5f000)]
  0x00007fb0a304f000 JavaThread "Finalizer" daemon [_thread_blocked, id=16899, stack(0x000000019b910000,0x000000019ba10000)]
  0x00007fb0a304e000 JavaThread "Reference Handler" daemon [_thread_blocked, id=16387, stack(0x000000019b80d000,0x000000019b90d000)]

Other Threads:
  0x00007fb0a304b800 VMThread [stack: 0x000000019b70a000,0x000000019b80a000] [id=15875]
  0x00007fb0a3807000 WatcherThread [stack: 0x000000019bf6b000,0x000000019c06b000] [id=23555]

VM state:not at safepoint (normal execution)

VM Mutex/Monitor currently owned by a thread: None

Heap
 PSYoungGen      total 53248K, used 30618K [0x000000016a800000, 0x000000016f100000, 0x0000000195300000)
  eden space 32768K, 85% used [0x000000016a800000,0x000000016c339f38,0x000000016c800000)
  from space 20480K, 13% used [0x000000016dc80000,0x000000016df2caa8,0x000000016f080000)
  to   space 20992K, 0% used [0x000000016c800000,0x000000016c800000,0x000000016dc80000)
 ParOldGen       total 87040K, used 30327K [0x0000000115300000, 0x000000011a800000, 0x000000016a800000)
  object space 87040K, 34% used [0x0000000115300000,0x000000011709dd00,0x000000011a800000)
 PSPermGen       total 21504K, used 10539K [0x0000000110100000, 0x0000000111600000, 0x0000000115300000)
  object space 21504K, 49% used [0x0000000110100000,0x0000000110b4afc8,0x0000000111600000)

Card table byte_map: [0x0000000195300000,0x000000019572a000] byte_map_base: 0x0000000194a7f800

Polling page: 0x000000010ceb2000

Code Cache  [0x000000010cf48000, 0x000000010d1b8000, 0x000000010ff48000)
 total_blobs=709 nmethods=390 adapters=273 free_code_cache=47800Kb largest_free_block=48907328

Compilation events (10 events):
Event: 140.382 Thread 0x00007fb0a1816800  390   !         sun.nio.ch.KQueueSelectorImpl::doSelect (60 bytes)
Event: 140.387 Thread 0x00007fb0a1816800 nmethod 390 0x000000010d09a0d0 code [0x000000010d09a2a0, 0x000000010d09aa40]
Event: 159.662 Thread 0x00007fb0a1821800  391             org.apache.commons.pool.impl.CursorableLinkedList::removeListable (108 bytes)
Event: 159.669 Thread 0x00007fb0a1821800 nmethod 391 0x000000010d09c290 code [0x000000010d09c420, 0x000000010d09c858]
Event: 159.673 Thread 0x00007fb0a1816800  392             java.io.BufferedOutputStream::flushBuffer (29 bytes)
Event: 159.673 Thread 0x00007fb0a1821800  393  s          java.nio.channels.Channels$1::write (107 bytes)
Event: 159.677 Thread 0x00007fb0a1821800 nmethod 393 0x000000010d09b910 code [0x000000010d09ba80, 0x000000010d09c078]
Event: 159.677 Thread 0x00007fb0a1816800 nmethod 392 0x000000010d056050 code [0x000000010d0561c0, 0x000000010d0567b8]
Event: 316.083 Thread 0x00007fb0a1821800  394             sun.nio.cs.UTF_8$Encoder::encodeArrayLoop (489 bytes)
Event: 316.095 Thread 0x00007fb0a1821800 nmethod 394 0x000000010d0a2650 code [0x000000010d0a2860, 0x000000010d0a3390]

GC Heap History (10 events):
Event: 1.560 GC heap before
{Heap before GC invocations=2 (full 0):
 PSYoungGen      total 38912K, used 38347K [0x000000016a800000, 0x000000016d300000, 0x0000000195300000)
  eden space 33792K, 98% used [0x000000016a800000,0x000000016c876720,0x000000016c900000)
  from space 5120K, 99% used [0x000000016c900000,0x000000016cdfc5c0,0x000000016ce00000)
  to   space 5120K, 0% used [0x000000016ce00000,0x000000016ce00000,0x000000016d300000)
 ParOldGen       total 87040K, used 11165K [0x0000000115300000, 0x000000011a800000, 0x000000016a800000)
  object space 87040K, 12% used [0x0000000115300000,0x0000000115de74d0,0x000000011a800000)
 PSPermGen       total 21504K, used 10337K [0x0000000110100000, 0x0000000111600000, 0x0000000115300000)
  object space 21504K, 48% used [0x0000000110100000,0x0000000110b187b8,0x0000000111600000)
Event: 1.569 GC heap after
Heap after GC invocations=2 (full 0):
 PSYoungGen      total 38912K, used 5105K [0x000000016a800000, 0x000000016f400000, 0x0000000195300000)
  eden space 33792K, 0% used [0x000000016a800000,0x000000016a800000,0x000000016c900000)
  from space 5120K, 99% used [0x000000016ce00000,0x000000016d2fc608,0x000000016d300000)
  to   space 5120K, 0% used [0x000000016c900000,0x000000016c900000,0x000000016ce00000)
 ParOldGen       total 87040K, used 20317K [0x0000000115300000, 0x000000011a800000, 0x000000016a800000)
  object space 87040K, 23% used [0x0000000115300000,0x00000001166d7528,0x000000011a800000)
 PSPermGen       total 21504K, used 10337K [0x0000000110100000, 0x0000000111600000, 0x0000000115300000)
  object space 21504K, 48% used [0x0000000110100000,0x0000000110b187b8,0x0000000111600000)
}
Event: 2.499 GC heap before
{Heap before GC invocations=3 (full 0):
 PSYoungGen      total 38912K, used 38897K [0x000000016a800000, 0x000000016f400000, 0x0000000195300000)
  eden space 33792K, 100% used [0x000000016a800000,0x000000016c900000,0x000000016c900000)
  from space 5120K, 99% used [0x000000016ce00000,0x000000016d2fc608,0x000000016d300000)
  to   space 5120K, 0% used [0x000000016c900000,0x000000016c900000,0x000000016ce00000)
 ParOldGen       total 87040K, used 20317K [0x0000000115300000, 0x000000011a800000, 0x000000016a800000)
  object space 87040K, 23% used [0x0000000115300000,0x00000001166d7528,0x000000011a800000)
 PSPermGen       total 21504K, used 10340K [0x0000000110100000, 0x0000000111600000, 0x0000000115300000)
  object space 21504K, 48% used [0x0000000110100000,0x0000000110b19020,0x0000000111600000)
Event: 2.503 GC heap after
Heap after GC invocations=3 (full 0):
 PSYoungGen      total 38912K, used 5091K [0x000000016a800000, 0x000000016f400000, 0x0000000195300000)
  eden space 33792K, 0% used [0x000000016a800000,0x000000016a800000,0x000000016c900000)
  from space 5120K, 99% used [0x000000016c900000,0x000000016cdf8fa8,0x000000016ce00000)
  to   space 5120K, 0% used [0x000000016ef00000,0x000000016ef00000,0x000000016f400000)
 ParOldGen       total 87040K, used 27902K [0x0000000115300000, 0x000000011a800000, 0x000000016a800000)
  object space 87040K, 32% used [0x0000000115300000,0x0000000116e3f810,0x000000011a800000)
 PSPermGen       total 21504K, used 10340K [0x0000000110100000, 0x0000000111600000, 0x0000000115300000)
  object space 21504K, 48% used [0x0000000110100000,0x0000000110b19020,0x0000000111600000)
}
Event: 71.892 GC heap before
{Heap before GC invocations=4 (full 0):
 PSYoungGen      total 38912K, used 38883K [0x000000016a800000, 0x000000016f400000, 0x0000000195300000)
  eden space 33792K, 100% used [0x000000016a800000,0x000000016c900000,0x000000016c900000)
  from space 5120K, 99% used [0x000000016c900000,0x000000016cdf8fa8,0x000000016ce00000)
  to   space 5120K, 0% used [0x000000016ef00000,0x000000016ef00000,0x000000016f400000)
 ParOldGen       total 87040K, used 27902K [0x0000000115300000, 0x000000011a800000, 0x000000016a800000)
  object space 87040K, 32% used [0x0000000115300000,0x0000000116e3f810,0x000000011a800000)
 PSPermGen       total 21504K, used 10479K [0x0000000110100000, 0x0000000111600000, 0x0000000115300000)
  object space 21504K, 48% used [0x0000000110100000,0x0000000110b3bc90,0x0000000111600000)
Event: 71.895 GC heap after
Heap after GC invocations=4 (full 0):
 PSYoungGen      total 38912K, used 5107K [0x000000016a800000, 0x000000016f400000, 0x0000000195300000)
  eden space 33792K, 0% used [0x000000016a800000,0x000000016a800000,0x000000016c900000)
  from space 5120K, 99% used [0x000000016ef00000,0x000000016f3fcf98,0x000000016f400000)
  to   space 5120K, 0% used [0x000000016c900000,0x000000016c900000,0x000000016ce00000)
 ParOldGen       total 87040K, used 30319K [0x0000000115300000, 0x000000011a800000, 0x000000016a800000)
  object space 87040K, 34% used [0x0000000115300000,0x000000011709bd00,0x000000011a800000)
 PSPermGen       total 21504K, used 10479K [0x0000000110100000, 0x0000000111600000, 0x0000000115300000)
  object space 21504K, 48% used [0x0000000110100000,0x0000000110b3bc90,0x0000000111600000)
}
Event: 157.178 GC heap before
{Heap before GC invocations=5 (full 0):
 PSYoungGen      total 38912K, used 38899K [0x000000016a800000, 0x000000016f400000, 0x0000000195300000)
  eden space 33792K, 100% used [0x000000016a800000,0x000000016c900000,0x000000016c900000)
  from space 5120K, 99% used [0x000000016ef00000,0x000000016f3fcf98,0x000000016f400000)
  to   space 5120K, 0% used [0x000000016c900000,0x000000016c900000,0x000000016ce00000)
 ParOldGen       total 87040K, used 30319K [0x0000000115300000, 0x000000011a800000, 0x000000016a800000)
  object space 87040K, 34% used [0x0000000115300000,0x000000011709bd00,0x000000011a800000)
 PSPermGen       total 21504K, used 10492K [0x0000000110100000, 0x0000000111600000, 0x0000000115300000)
  object space 21504K, 48% used [0x0000000110100000,0x0000000110b3f3e0,0x0000000111600000)
Event: 157.181 GC heap after
Heap after GC invocations=5 (full 0):
 PSYoungGen      total 38400K, used 2738K [0x000000016a800000, 0x000000016f080000, 0x0000000195300000)
  eden space 33280K, 0% used [0x000000016a800000,0x000000016a800000,0x000000016c880000)
  from space 5120K, 53% used [0x000000016c900000,0x000000016cbacaa8,0x000000016ce00000)
  to   space 20480K, 0% used [0x000000016dc80000,0x000000016dc80000,0x000000016f080000)
 ParOldGen       total 87040K, used 30327K [0x0000000115300000, 0x000000011a800000, 0x000000016a800000)
  object space 87040K, 34% used [0x0000000115300000,0x000000011709dd00,0x000000011a800000)
 PSPermGen       total 21504K, used 10492K [0x0000000110100000, 0x0000000111600000, 0x0000000115300000)
  object space 21504K, 48% used [0x0000000110100000,0x0000000110b3f3e0,0x0000000111600000)
}
Event: 244.103 GC heap before
{Heap before GC invocations=6 (full 0):
 PSYoungGen      total 38400K, used 36018K [0x000000016a800000, 0x000000016f080000, 0x0000000195300000)
  eden space 33280K, 100% used [0x000000016a800000,0x000000016c880000,0x000000016c880000)
  from space 5120K, 53% used [0x000000016c900000,0x000000016cbacaa8,0x000000016ce00000)
  to   space 20480K, 0% used [0x000000016dc80000,0x000000016dc80000,0x000000016f080000)
 ParOldGen       total 87040K, used 30327K [0x0000000115300000, 0x000000011a800000, 0x000000016a800000)
  object space 87040K, 34% used [0x0000000115300000,0x000000011709dd00,0x000000011a800000)
 PSPermGen       total 21504K, used 10492K [0x0000000110100000, 0x0000000111600000, 0x0000000115300000)
  object space 21504K, 48% used [0x0000000110100000,0x0000000110b3f3e0,0x0000000111600000)
Event: 244.105 GC heap after
Heap after GC invocations=6 (full 0):
 PSYoungGen      total 53248K, used 2738K [0x000000016a800000, 0x000000016f100000, 0x0000000195300000)
  eden space 32768K, 0% used [0x000000016a800000,0x000000016a800000,0x000000016c800000)
  from space 20480K, 13% used [0x000000016dc80000,0x000000016df2caa8,0x000000016f080000)
  to   space 20992K, 0% used [0x000000016c800000,0x000000016c800000,0x000000016dc80000)
 ParOldGen       total 87040K, used 30327K [0x0000000115300000, 0x000000011a800000, 0x000000016a800000)
  object space 87040K, 34% used [0x0000000115300000,0x000000011709dd00,0x000000011a800000)
 PSPermGen       total 21504K, used 10492K [0x0000000110100000, 0x0000000111600000, 0x0000000115300000)
  object space 21504K, 48% used [0x0000000110100000,0x0000000110b3f3e0,0x0000000111600000)
}

Deoptimization events (10 events):
Event: 314.780 Thread 0x00007fb0a3110000 Uncommon trap: reason=unreached action=reinterpret pc=0x000000010d08a5f0 method=org.infinispan.client.hotrod.impl.RemoteCacheImpl.bytes2obj([B)Ljava/lang/Object; @ 1
Event: 316.060 Thread 0x00007fb0a287c800 Uncommon trap: reason=class_check action=maybe_recompile pc=0x000000010d056390 method=java.io.BufferedOutputStream.flushBuffer()V @ 20
Event: 316.060 Thread 0x00007fb0a287c800 Uncommon trap: reason=class_check action=maybe_recompile pc=0x000000010d056390 method=java.io.BufferedOutputStream.flushBuffer()V @ 20
Event: 316.060 Thread 0x00007fb0a287c800 Uncommon trap: reason=class_check action=maybe_recompile pc=0x000000010d056390 method=java.io.BufferedOutputStream.flushBuffer()V @ 20
Event: 316.060 Thread 0x00007fb0a287c800 Uncommon trap: reason=class_check action=maybe_recompile pc=0x000000010d056390 method=java.io.BufferedOutputStream.flushBuffer()V @ 20
Event: 316.064 Thread 0x00007fb0a287c800 Uncommon trap: reason=bimorphic action=maybe_recompile pc=0x000000010cfead44 method=java.lang.ThreadLocal.get()Ljava/lang/Object; @ 6
Event: 316.065 Thread 0x00007fb0a3110000 Uncommon trap: reason=class_check action=maybe_recompile pc=0x000000010d011f8c method=java.lang.ThreadLocal$ThreadLocalMap.set(Ljava/lang/ThreadLocal;Ljava/lang/Object;)V @ 36
Event: 316.065 Thread 0x00007fb0a3110000 Uncommon trap: reason=class_check action=maybe_recompile pc=0x000000010d0235ec method=java.lang.ThreadLocal$ThreadLocalMap.set(Ljava/lang/ThreadLocal;Ljava/lang/Object;)V @ 36
Event: 316.069 Thread 0x00007fb0a3110000 Uncommon trap: reason=bimorphic action=maybe_recompile pc=0x000000010cfead44 method=java.lang.ThreadLocal.get()Ljava/lang/Object; @ 6
Event: 328.290 Thread 0x00007fb0a30e8800 Uncommon trap: reason=unreached action=reinterpret pc=0x000000010d08a5f0 method=org.infinispan.client.hotrod.impl.RemoteCacheImpl.bytes2obj([B)Ljava/lang/Object; @ 1

Internal exceptions (10 events):
Event: 316.078 Thread 0x00007fb0a3110000 Threw 0x000000016c19db28 at /HUDSON/workspace/7u-2-build-macosx-x86_64/jdk7u60/1081/hotspot/src/share/vm/prims/jni.cpp:717
Event: 316.078 Thread 0x00007fb0a3110000 Threw 0x000000016c19dca8 at /HUDSON/workspace/7u-2-build-macosx-x86_64/jdk7u60/1081/hotspot/src/share/vm/prims/jni.cpp:717
Event: 316.078 Thread 0x00007fb0a3110000 Threw 0x000000016c19de48 at /HUDSON/workspace/7u-2-build-macosx-x86_64/jdk7u60/1081/hotspot/src/share/vm/oops/constantPoolOop.cpp:95
Event: 316.081 Thread 0x00007fb0a287c800 Threw 0x000000016c1b8260 at /HUDSON/workspace/7u-2-build-macosx-x86_64/jdk7u60/1081/hotspot/src/share/vm/prims/jvm.cpp:1244
Event: 316.081 Thread 0x00007fb0a287c800 Threw 0x000000016c1b89b8 at /HUDSON/workspace/7u-2-build-macosx-x86_64/jdk7u60/1081/hotspot/src/share/vm/prims/jvm.cpp:1244
Event: 316.082 Thread 0x00007fb0a287c800 Threw 0x000000016c1c47e8 at /HUDSON/workspace/7u-2-build-macosx-x86_64/jdk7u60/1081/hotspot/src/share/vm/prims/jni.cpp:717
Event: 316.082 Thread 0x00007fb0a287c800 Threw 0x000000016c1c4a68 at /HUDSON/workspace/7u-2-build-macosx-x86_64/jdk7u60/1081/hotspot/src/share/vm/prims/jni.cpp:717
Event: 316.083 Thread 0x00007fb0a3110000 Threw 0x000000016c1eabe0 at /HUDSON/workspace/7u-2-build-macosx-x86_64/jdk7u60/1081/hotspot/src/share/vm/prims/jni.cpp:717
Event: 316.083 Thread 0x00007fb0a3110000 Threw 0x000000016c1eae60 at /HUDSON/workspace/7u-2-build-macosx-x86_64/jdk7u60/1081/hotspot/src/share/vm/prims/jni.cpp:717
Event: 328.293 Thread 0x00007fb0a30e8800 Threw 0x000000016c30f3a0 at /HUDSON/workspace/7u-2-build-macosx-x86_64/jdk7u60/1081/hotspot/src/share/vm/prims/jvm.cpp:1244

Events (10 events):
Event: 318.286 Thread 0x00007fb0a287c800 Thread exited: 0x00007fb0a287c800
Event: 318.286 Thread 0x00007fb0a3110000 Thread exited: 0x00007fb0a3110000
Event: 318.286 Executing VM operation: RevokeBias
Event: 318.286 Executing VM operation: RevokeBias done
Event: 318.286 Thread 0x00007fb0a286f000 Thread exited: 0x00007fb0a286f000
Event: 328.290 Thread 0x00007fb0a30e8800 Uncommon trap: trap_request=0xffffffad fr.pc=0x000000010d08a5f0
Event: 328.290 Thread 0x00007fb0a30e8800 DEOPT PACKING pc=0x000000010d08a5f0 sp=0x000000019c864310
Event: 328.290 Thread 0x00007fb0a30e8800 DEOPT UNPACKING pc=0x000000010cf81045 sp=0x000000019c8641d0 mode 2
Event: 328.293 loading class 0x00007fb0a2347370
Event: 328.293 loading class 0x00007fb0a2347370 done


Dynamic libraries:
0x00000000048b5000 	/System/Library/Frameworks/Cocoa.framework/Versions/A/Cocoa
0x00000000048b5000 	/System/Library/Frameworks/Security.framework/Versions/A/Security
0x00000000048b5000 	/System/Library/Frameworks/ApplicationServices.framework/Versions/A/ApplicationServices
0x00000000048b5000 	/usr/lib/libz.1.dylib
0x00000000048b5000 	/usr/lib/libSystem.B.dylib
0x00000000048b5000 	/usr/lib/libobjc.A.dylib
0x00000000048b5000 	/System/Library/Frameworks/CoreFoundation.framework/Versions/A/CoreFoundation
0x00000000048b5000 	/System/Library/Frameworks/Foundation.framework/Versions/C/Foundation
0x00000000048b5000 	/System/Library/Frameworks/AppKit.framework/Versions/C/AppKit
0x00000000048b5000 	/System/Library/Frameworks/CoreData.framework/Versions/A/CoreData
0x00000000048b5000 	/System/Library/PrivateFrameworks/RemoteViewServices.framework/Versions/A/RemoteViewServices
0x00000000048b5000 	/System/Library/Frameworks/AudioToolbox.framework/Versions/A/AudioToolbox
0x00000000048b5000 	/System/Library/Frameworks/AudioUnit.framework/Versions/A/AudioUnit
0x00000000048b5000 	/System/Library/PrivateFrameworks/DataDetectorsCore.framework/Versions/A/DataDetectorsCore
0x00000000048b5000 	/System/Library/PrivateFrameworks/DesktopServicesPriv.framework/Versions/A/DesktopServicesPriv
0x00000000048b5000 	/System/Library/Frameworks/Carbon.framework/Versions/A/Frameworks/HIToolbox.framework/Versions/A/HIToolbox
0x00000000048b5000 	/System/Library/Frameworks/QuartzCore.framework/Versions/A/QuartzCore
0x00000000048b5000 	/System/Library/Frameworks/Carbon.framework/Versions/A/Frameworks/SpeechRecognition.framework/Versions/A/SpeechRecognition
0x00000000048b5000 	/usr/lib/libauto.dylib
0x00000000048b5000 	/usr/lib/libicucore.A.dylib
0x00000000048b5000 	/usr/lib/libxml2.2.dylib
0x00000000048b5000 	/System/Library/PrivateFrameworks/CoreUI.framework/Versions/A/CoreUI
0x00000000048b5000 	/System/Library/Frameworks/CoreAudio.framework/Versions/A/CoreAudio
0x00000000048b5000 	/System/Library/Frameworks/DiskArbitration.framework/Versions/A/DiskArbitration
0x00000000048b5000 	/usr/lib/liblangid.dylib
0x00000000048b5000 	/System/Library/PrivateFrameworks/MultitouchSupport.framework/Versions/A/MultitouchSupport
0x00000000048b5000 	/System/Library/Frameworks/IOKit.framework/Versions/A/IOKit
0x00000000048b5000 	/usr/lib/libDiagnosticMessagesClient.dylib
0x00000000048b5000 	/System/Library/Frameworks/CoreServices.framework/Versions/A/CoreServices
0x00000000048b5000 	/System/Library/PrivateFrameworks/PerformanceAnalysis.framework/Versions/A/PerformanceAnalysis
0x00000000048b5000 	/System/Library/PrivateFrameworks/GenerationalStorage.framework/Versions/A/GenerationalStorage
0x00000000048b5000 	/System/Library/Frameworks/OpenGL.framework/Versions/A/OpenGL
0x00000000048b5000 	/System/Library/Frameworks/CoreText.framework/Versions/A/CoreText
0x00000000048b5000 	/System/Library/Frameworks/ImageIO.framework/Versions/A/ImageIO
0x00000000048b5000 	/System/Library/PrivateFrameworks/Backup.framework/Versions/A/Backup
0x00000000048b5000 	/System/Library/Frameworks/CFNetwork.framework/Versions/A/CFNetwork
0x00000000048b5000 	/System/Library/Frameworks/SystemConfiguration.framework/Versions/A/SystemConfiguration
0x00000000048b5000 	/usr/lib/libCRFSuite.dylib
0x00000000048b5000 	/System/Library/PrivateFrameworks/TCC.framework/Versions/A/TCC
0x00000000048b5000 	/usr/lib/libc++.1.dylib
0x00000000048b5000 	/usr/lib/libc++abi.dylib
0x00000000048b5000 	/usr/lib/system/libcache.dylib
0x00000000048b5000 	/usr/lib/system/libcommonCrypto.dylib
0x00000000048b5000 	/usr/lib/system/libcompiler_rt.dylib
0x00000000048b5000 	/usr/lib/system/libcopyfile.dylib
0x00000000048b5000 	/usr/lib/system/libdispatch.dylib
0x00000000048b5000 	/usr/lib/system/libdnsinfo.dylib
0x00000000048b5000 	/usr/lib/system/libdyld.dylib
0x00000000048b5000 	/usr/lib/system/libkeymgr.dylib
0x00000000048b5000 	/usr/lib/system/liblaunch.dylib
0x00000000048b5000 	/usr/lib/system/libmacho.dylib
0x00000000048b5000 	/usr/lib/system/libquarantine.dylib
0x00000000048b5000 	/usr/lib/system/libremovefile.dylib
0x00000000048b5000 	/usr/lib/system/libsystem_blocks.dylib
0x00000000048b5000 	/usr/lib/system/libsystem_c.dylib
0x00000000048b5000 	/usr/lib/system/libsystem_dnssd.dylib
0x00000000048b5000 	/usr/lib/system/libsystem_info.dylib
0x00000000048b5000 	/usr/lib/system/libsystem_kernel.dylib
0x00000000048b5000 	/usr/lib/system/libsystem_m.dylib
0x00000000048b5000 	/usr/lib/system/libsystem_network.dylib
0x00000000048b5000 	/usr/lib/system/libsystem_notify.dylib
0x00000000048b5000 	/usr/lib/system/libsystem_sandbox.dylib
0x00000000048b5000 	/usr/lib/system/libunc.dylib
0x00000000048b5000 	/usr/lib/system/libunwind.dylib
0x00000000048b5000 	/usr/lib/system/libxpc.dylib
0x00000000048b5000 	/usr/lib/system/libcorecrypto.dylib
0x00000000048b5000 	/usr/lib/libstdc++.6.dylib
0x00000000048b5000 	/usr/lib/libbsm.0.dylib
0x00000000048b5000 	/usr/lib/libsqlite3.dylib
0x00000000048b5000 	/usr/lib/libxar.1.dylib
0x00000000048b5000 	/usr/lib/libpam.2.dylib
0x00000000048b5000 	/usr/lib/libOpenScriptingUtil.dylib
0x00000000048b5000 	/usr/lib/libbz2.1.0.dylib
0x00000000048b5000 	/System/Library/Frameworks/CoreServices.framework/Versions/A/Frameworks/CarbonCore.framework/Versions/A/CarbonCore
0x00000000048b5000 	/System/Library/Frameworks/CoreServices.framework/Versions/A/Frameworks/Metadata.framework/Versions/A/Metadata
0x00000000048b5000 	/System/Library/Frameworks/CoreServices.framework/Versions/A/Frameworks/OSServices.framework/Versions/A/OSServices
0x00000000048b5000 	/System/Library/Frameworks/CoreServices.framework/Versions/A/Frameworks/SearchKit.framework/Versions/A/SearchKit
0x00000000048b5000 	/System/Library/Frameworks/CoreServices.framework/Versions/A/Frameworks/AE.framework/Versions/A/AE
0x00000000048b5000 	/System/Library/Frameworks/CoreServices.framework/Versions/A/Frameworks/LaunchServices.framework/Versions/A/LaunchServices
0x00000000048b5000 	/System/Library/Frameworks/CoreServices.framework/Versions/A/Frameworks/DictionaryServices.framework/Versions/A/DictionaryServices
0x00000000048b5000 	/System/Library/Frameworks/NetFS.framework/Versions/A/NetFS
0x00000000048b5000 	/usr/lib/system/libkxld.dylib
0x00000000048b5000 	/System/Library/PrivateFrameworks/NetAuth.framework/Versions/A/NetAuth
0x00000000048b5000 	/System/Library/Frameworks/OpenDirectory.framework/Versions/A/Frameworks/CFOpenDirectory.framework/Versions/A/CFOpenDirectory
0x00000000048b5000 	/usr/lib/libxslt.1.dylib
0x00000000048b5000 	/System/Library/PrivateFrameworks/FamilyControls.framework/Versions/A/FamilyControls
0x00000000048b5000 	/System/Library/Frameworks/Carbon.framework/Versions/A/Frameworks/Ink.framework/Versions/A/Ink
0x00000000048b5000 	/System/Library/Frameworks/ApplicationServices.framework/Versions/A/Frameworks/CoreGraphics.framework/Versions/A/CoreGraphics
0x00000000048b5000 	/System/Library/Frameworks/ApplicationServices.framework/Versions/A/Frameworks/ATS.framework/Versions/A/ATS
0x00000000048b5000 	/System/Library/Frameworks/ApplicationServices.framework/Versions/A/Frameworks/ColorSync.framework/Versions/A/ColorSync
0x00000000048b5000 	/System/Library/Frameworks/ApplicationServices.framework/Versions/A/Frameworks/HIServices.framework/Versions/A/HIServices
0x00000000048b5000 	/System/Library/Frameworks/ApplicationServices.framework/Versions/A/Frameworks/LangAnalysis.framework/Versions/A/LangAnalysis
0x00000000048b5000 	/System/Library/Frameworks/ApplicationServices.framework/Versions/A/Frameworks/PrintCore.framework/Versions/A/PrintCore
0x00000000048b5000 	/System/Library/Frameworks/ApplicationServices.framework/Versions/A/Frameworks/QD.framework/Versions/A/QD
0x00000000048b5000 	/System/Library/Frameworks/ApplicationServices.framework/Versions/A/Frameworks/SpeechSynthesis.framework/Versions/A/SpeechSynthesis
0x00000000048b5000 	/System/Library/Frameworks/IOSurface.framework/Versions/A/IOSurface
0x00000000048b5000 	/System/Library/Frameworks/Accelerate.framework/Versions/A/Accelerate
0x00000000048b5000 	/System/Library/Frameworks/ApplicationServices.framework/Versions/A/Frameworks/ATS.framework/Versions/A/Resources/libFontParser.dylib
0x00000000048b5000 	/System/Library/Frameworks/ApplicationServices.framework/Versions/A/Frameworks/ATS.framework/Versions/A/Resources/libFontRegistry.dylib
0x00000000048b5000 	/System/Library/Frameworks/Accelerate.framework/Versions/A/Frameworks/vImage.framework/Versions/A/vImage
0x00000000048b5000 	/System/Library/Frameworks/Accelerate.framework/Versions/A/Frameworks/vecLib.framework/Versions/A/vecLib
0x00000000048b5000 	/System/Library/Frameworks/Accelerate.framework/Versions/A/Frameworks/vecLib.framework/Versions/A/libvDSP.dylib
0x00000000048b5000 	/System/Library/Frameworks/Accelerate.framework/Versions/A/Frameworks/vecLib.framework/Versions/A/libvMisc.dylib
0x00000000048b5000 	/System/Library/Frameworks/Accelerate.framework/Versions/A/Frameworks/vecLib.framework/Versions/A/libLAPACK.dylib
0x00000000048b5000 	/System/Library/Frameworks/Accelerate.framework/Versions/A/Frameworks/vecLib.framework/Versions/A/libBLAS.dylib
0x00000000048b5000 	/System/Library/Frameworks/ImageIO.framework/Versions/A/Resources/libJPEG.dylib
0x00000000048b5000 	/System/Library/Frameworks/ImageIO.framework/Versions/A/Resources/libTIFF.dylib
0x00000000048b5000 	/System/Library/Frameworks/ImageIO.framework/Versions/A/Resources/libPng.dylib
0x00000000048b5000 	/System/Library/Frameworks/ImageIO.framework/Versions/A/Resources/libGIF.dylib
0x00000000048b5000 	/System/Library/Frameworks/ImageIO.framework/Versions/A/Resources/libJP2.dylib
0x00000000048b5000 	/System/Library/Frameworks/ImageIO.framework/Versions/A/Resources/libRadiance.dylib
0x00000000048b5000 	/usr/lib/libcups.2.dylib
0x00000000048b5000 	/System/Library/Frameworks/Kerberos.framework/Versions/A/Kerberos
0x00000000048b5000 	/System/Library/Frameworks/GSS.framework/Versions/A/GSS
0x00000000048b5000 	/usr/lib/libresolv.9.dylib
0x00000000048b5000 	/usr/lib/libiconv.2.dylib
0x00000000048b5000 	/System/Library/PrivateFrameworks/Heimdal.framework/Versions/A/Heimdal
0x00000000048b5000 	/System/Library/PrivateFrameworks/TrustEvaluationAgent.framework/Versions/A/TrustEvaluationAgent
0x00000000048b5000 	/System/Library/Frameworks/OpenDirectory.framework/Versions/A/OpenDirectory
0x00000000048b5000 	/System/Library/PrivateFrameworks/CommonAuth.framework/Versions/A/CommonAuth
0x00000000048b5000 	/System/Library/PrivateFrameworks/Bom.framework/Versions/A/Bom
0x00000000048b5000 	/System/Library/Frameworks/CoreVideo.framework/Versions/A/CoreVideo
0x00000000048b5000 	/System/Library/Frameworks/QuartzCore.framework/Versions/A/Frameworks/CoreImage.framework/Versions/A/CoreImage
0x00000000048b5000 	/System/Library/Frameworks/QuartzCore.framework/Versions/A/Frameworks/ScalableUserInterface.framework/Versions/A/ScalableUserInterface
0x00000000048b5000 	/System/Library/Frameworks/OpenGL.framework/Versions/A/Libraries/libGLU.dylib
0x00000000048b5000 	/System/Library/Frameworks/OpenGL.framework/Versions/A/Libraries/libGFXShared.dylib
0x00000000048b5000 	/System/Library/Frameworks/OpenGL.framework/Versions/A/Libraries/libGL.dylib
0x00000000048b5000 	/System/Library/Frameworks/OpenGL.framework/Versions/A/Libraries/libGLImage.dylib
0x00000000048b5000 	/System/Library/Frameworks/OpenGL.framework/Versions/A/Libraries/libCVMSPluginSupport.dylib
0x00000000048b5000 	/System/Library/Frameworks/OpenGL.framework/Versions/A/Libraries/libCoreVMClient.dylib
0x00000000048b5000 	/System/Library/PrivateFrameworks/CrashReporterSupport.framework/Versions/A/CrashReporterSupport
0x00000000048b5000 	/System/Library/Frameworks/OpenCL.framework/Versions/A/OpenCL
0x00000000048b5000 	/System/Library/PrivateFrameworks/FaceCoreLight.framework/Versions/A/FaceCoreLight
0x00000000048b5000 	/System/Library/PrivateFrameworks/AppleFSCompression.framework/Versions/A/AppleFSCompression
0x00000000048b5000 	/System/Library/PrivateFrameworks/Ubiquity.framework/Versions/A/Ubiquity
0x00000000048b5000 	/System/Library/Frameworks/ServiceManagement.framework/Versions/A/ServiceManagement
0x00000000048b5000 	/System/Library/PrivateFrameworks/ChunkingLibrary.framework/Versions/A/ChunkingLibrary
0x00000000048b5000 	/System/Library/Frameworks/vecLib.framework/Versions/A/vecLib
0x00000000048b5000 	/System/Library/Frameworks/SecurityFoundation.framework/Versions/A/SecurityFoundation
0x00000000048b5000 	/System/Library/PrivateFrameworks/CommerceKit.framework/Versions/A/Frameworks/CommerceCore.framework/Versions/A/CommerceCore
0x00000000048b5000 	/System/Library/PrivateFrameworks/CoreSymbolication.framework/Versions/A/CoreSymbolication
0x00000000048b5000 	/System/Library/PrivateFrameworks/Symbolication.framework/Versions/A/Symbolication
0x00000000048b5000 	/System/Library/PrivateFrameworks/DebugSymbols.framework/Versions/A/DebugSymbols
0x00000000518dd000 	/System/Library/CoreServices/Encodings/libJapaneseConverter.dylib
0x000000010c313000 	/Library/Java/JavaVirtualMachines/jdk1.7.0_60.jdk/Contents/Home/jre/lib/server/libjvm.dylib
0x000000010ce75000 	/Library/Java/JavaVirtualMachines/jdk1.7.0_60.jdk/Contents/Home/jre/lib/libverify.dylib
0x000000010ce82000 	/Library/Java/JavaVirtualMachines/jdk1.7.0_60.jdk/Contents/Home/jre/lib/libjava.dylib
0x000000010cf3f000 	/Library/Java/JavaVirtualMachines/jdk1.7.0_60.jdk/Contents/Home/jre/lib/libzip.dylib
0x000000019ba12000 	/System/Library/Frameworks/JavaVM.framework/Frameworks/JavaRuntimeSupport.framework/JavaRuntimeSupport
0x000000019ba2a000 	/System/Library/Frameworks/JavaVM.framework/Versions/A/Frameworks/JavaNativeFoundation.framework/Versions/A/JavaNativeFoundation
0x000000019ba3f000 	/System/Library/Frameworks/JavaVM.framework/Versions/A/JavaVM
0x00000000048b5000 	/System/Library/Frameworks/Carbon.framework/Versions/A/Carbon
0x000000019ba4c000 	/System/Library/PrivateFrameworks/JavaLaunching.framework/Versions/A/JavaLaunching
0x00000000048b5000 	/System/Library/Frameworks/Carbon.framework/Versions/A/Frameworks/CommonPanels.framework/Versions/A/CommonPanels
0x00000000048b5000 	/System/Library/Frameworks/Carbon.framework/Versions/A/Frameworks/Help.framework/Versions/A/Help
0x00000000048b5000 	/System/Library/Frameworks/Carbon.framework/Versions/A/Frameworks/ImageCapture.framework/Versions/A/ImageCapture
0x00000000048b5000 	/System/Library/Frameworks/Carbon.framework/Versions/A/Frameworks/OpenScripting.framework/Versions/A/OpenScripting
0x00000000048b5000 	/System/Library/Frameworks/Carbon.framework/Versions/A/Frameworks/Print.framework/Versions/A/Print
0x00000000048b5000 	/System/Library/Frameworks/Carbon.framework/Versions/A/Frameworks/SecurityHI.framework/Versions/A/SecurityHI
0x000000019c0b5000 	/Library/Java/JavaVirtualMachines/jdk1.7.0_60.jdk/Contents/Home/jre/lib/libnet.dylib
0x000000019c13d000 	/Library/Java/JavaVirtualMachines/jdk1.7.0_60.jdk/Contents/Home/jre/lib/libnio.dylib
0x000000019c9d9000 	/Library/Java/JavaVirtualMachines/jdk1.7.0_60.jdk/Contents/Home/jre/lib/libawt.dylib
0x000000019ca88000 	/Library/Java/JavaVirtualMachines/jdk1.7.0_60.jdk/Contents/Home/jre/lib/./libmlib_image.dylib
0x000000019cb54000 	/Library/Java/JavaVirtualMachines/jdk1.7.0_60.jdk/Contents/Home/jre/lib/lwawt/liblwawt.dylib
0x000000019cc08000 	/Library/Java/JavaVirtualMachines/jdk1.7.0_60.jdk/Contents/Home/jre/lib/libosxapp.dylib
0x000000019cc24000 	/System/Library/Frameworks/ExceptionHandling.framework/Versions/A/ExceptionHandling
0x00000000048b5000 	/System/Library/PrivateFrameworks/CoreServicesInternal.framework/Versions/A/CoreServicesInternal
0x000000019cd77000 	/Library/Java/JavaVirtualMachines/jdk1.7.0_60.jdk/Contents/Home/jre/lib/libjpeg.dylib

VM Arguments:
java_command: ghostclient.jar medium_1servers_16GB_Jan29_3 300 medium
Launcher Type: SUN_STANDARD

Environment Variables:
CLASSPATH=/Library/Java/Extensions:.
PATH=/Applications/TeXLive/Library/texlive/2013/bin/x86_64-darwin:/home/t11125su/CNSiMac/bin:/pub/sfc/bin:/usr/local/bin:/opt/local/bin:/bin:/usr/bin:/usr/X11R6/bin:.:/home/t11125su/CNSiMac/bin
SHELL=/bin/tcsh
HOSTTYPE=intel-mac
OSTYPE=darwin
MACHTYPE=x86_64

Signal Handlers:
SIGSEGV: [libjvm.dylib+0x52b7b1], sa_mask[0]=0xfffefeff, sa_flags=0x00000043
SIGBUS: [libjvm.dylib+0x52b7b1], sa_mask[0]=0xfffefeff, sa_flags=0x00000042
SIGFPE: [libjvm.dylib+0x41e28a], sa_mask[0]=0xfffefeff, sa_flags=0x00000042
SIGPIPE: [libjvm.dylib+0x41e28a], sa_mask[0]=0xfffefeff, sa_flags=0x00000042
SIGXFSZ: [libjvm.dylib+0x41e28a], sa_mask[0]=0xfffefeff, sa_flags=0x00000042
SIGILL: [libjvm.dylib+0x41e28a], sa_mask[0]=0xfffefeff, sa_flags=0x00000042
SIGUSR1: SIG_DFL, sa_mask[0]=0x00000000, sa_flags=0x00000002
SIGUSR2: [libjvm.dylib+0x41dd7c], sa_mask[0]=0x00000000, sa_flags=0x00000042
SIGHUP: [libjvm.dylib+0x41c00b], sa_mask[0]=0xfffefeff, sa_flags=0x00000042
SIGINT: [libjvm.dylib+0x41c00b], sa_mask[0]=0xfffefeff, sa_flags=0x00000042
SIGTERM: [libjvm.dylib+0x41c00b], sa_mask[0]=0xfffefeff, sa_flags=0x00000042
SIGQUIT: [libjvm.dylib+0x41c00b], sa_mask[0]=0xfffefeff, sa_flags=0x00000042


---------------  S Y S T E M  ---------------

OS:Bsduname:Darwin 12.5.0 Darwin Kernel Version 12.5.0: Sun Sep 29 13:33:47 PDT 2013; root:xnu-2050.48.12~1/RELEASE_X86_64 x86_64
rlimit: STACK 8192k, CORE 0k, NPROC 709, NOFILE 10240, AS infinity
load average:0.89 0.81 0.49

CPU:total 4 (4 cores per cpu, 1 threads per core) family 6 model 58 stepping 9, cmov, cx8, fxsr, mmx, sse, sse2, sse3, ssse3, sse4.1, sse4.2, popcnt, avx, aes, erms, tsc, tscinvbit, tscinv

Memory: 4k page, physical 8388608k(2097152k free)

/proc/meminfo:


vm_info: Java HotSpot(TM) 64-Bit Server VM (24.60-b09) for bsd-amd64 JRE (1.7.0_60-b19), built on May  7 2014 12:52:25 by "java_re" with gcc 4.2.1 (Based on Apple Inc. build 5658) (LLVM build 2336.11.00)

time: Thu Jan 29 07:59:17 2015
elapsed time: 328 seconds

